05:05:32.388861 session.go:845: [debug ] onReceiveNew c2s:  .... {"ctrl":"checkfresh","uid":52000066,"ver":101041023,"msgid":33,"os":"windows"}
05:06:32.390570 session.go:845: [debug ] onReceiveNew c2s:  .... {"ctrl":"checkfresh","uid":52000066,"ver":101041023,"msgid":34,"os":"windows"}
05:07:32.389895 session.go:845: [debug ] onReceiveNew c2s:  .... {"ctrl":"checkfresh","uid":52000066,"ver":101041023,"msgid":35,"os":"windows"}
05:08:32.397260 session.go:845: [debug ] onReceiveNew c2s:  .... {"ctrl":"checkfresh","uid":52000066,"ver":101041023,"msgid":36,"os":"windows"}
05:09:00.346211 server.go:662: [info  ] 保存排行榜OK
05:09:00.346211 server.go:664: [info  ] 保存收藏家ok
05:09:00.346762 server.go:666: [info  ] 保存暗域入侵ok
05:09:00.347435 server.go:668: [info  ] 保存跨服竞技场OK
05:09:00.347435 server.go:1040: [debug ] SQL BASE EXEC: update `san_crossarena` set `updatetime`=1646687388 where `keyid`=2 limit 1
05:09:00.347435 server.go:670: [info  ] 保存33跨服竞技场OK
05:09:00.347435 server.go:672: [info  ] 保存军团ok
05:09:00.347435 server.go:674: [info  ] 保存邮件信息ok
05:09:00.347435 server.go:676: [info  ] 保存兵种天下会武ok
05:09:00.351865 server.go:678: [info  ] 离线信息保存ok
05:09:00.351865 server.go:680: [info  ] 雇佣信息保存ok
05:09:00.355696 server.go:682: [info  ] 保存内政厅排行榜ok
05:09:00.361182 server.go:684: [info  ] 关卡保存ok
05:09:00.361182 server.go:686: [info  ] 服务器红包保存ok
05:09:00.399575 server.go:1040: [debug ] SQL BASE EXEC: update `san_crossarena3v3` set `updatetime`=1646687388 where `keyid`=1 limit 1
05:09:00.436094 server.go:688: [info  ] 保存活动转盘信息ok
05:09:00.436771 server.go:690: [info  ] 图书馆ok
05:09:00.437462 server.go:692: [info  ] 排行任务ok
05:09:00.439643 server.go:1005: [debug ] SQL BASE EXEC: update `san_playerarena2` set `coin`=8639 where `uid`=52000060 limit 1
05:09:00.440150 server.go:1005: [debug ] SQL BASE EXEC: update `san_playerarena2` set `coin`=8482 where `uid`=52000061 limit 1
05:09:00.443183 server.go:1005: [debug ] SQL BASE EXEC: update `san_playerarena2` set `coin`=8752 where `uid`=52000058 limit 1
05:09:00.444061 server.go:1005: [debug ] SQL BASE EXEC: update `san_playerarena2` set `coin`=8726 where `uid`=52000059 limit 1
05:09:00.444797 server.go:1005: [debug ] SQL BASE EXEC: update `san_playerarena2` set `coin`=8472 where `uid`=52000062 limit 1
05:09:00.447581 server.go:1005: [debug ] SQL BASE EXEC: update `san_rankarena2` set `starttime`=1646687080 where `uid`=52000048 limit 1
05:09:00.512138 server.go:1005: [debug ] SQL BASE EXEC: update `san_rankarena2` set `starttime`=1646687080 where `uid`=52000049 limit 1
05:09:00.512138 server.go:1005: [debug ] SQL BASE EXEC: update `san_rankarena2` set `starttime`=1646687080 where `uid`=52000050 limit 1
05:09:00.512138 server.go:1005: [debug ] SQL BASE EXEC: update `san_rankarena2` set `starttime`=1646687080 where `uid`=52000051 limit 1
05:09:00.513136 server.go:1005: [debug ] SQL BASE EXEC: update `san_rankarena2` set `starttime`=1646687080 where `uid`=52000058 limit 1
05:09:00.513136 server.go:1005: [debug ] SQL BASE EXEC: update `san_rankarena2` set `starttime`=1646687080 where `uid`=52000059 limit 1
05:09:00.560089 server.go:1005: [debug ] SQL BASE EXEC: update `san_rankarena2` set `starttime`=1646687080 where `uid`=52000060 limit 1
05:09:00.613303 server.go:1005: [debug ] SQL BASE EXEC: update `san_rankarena2` set `starttime`=1646687080 where `uid`=52000061 limit 1
05:09:00.613303 server.go:1005: [debug ] SQL BASE EXEC: update `san_rankarena2` set `starttime`=1646687080 where `uid`=52000062 limit 1
05:09:32.395230 session.go:845: [debug ] onReceiveNew c2s:  .... {"ctrl":"checkfresh","uid":52000066,"ver":101041023,"msgid":37,"os":"windows"}
